Horizon started successfully.
Horizon started successfully.

   Symfony\Component\Debug\Exception\FatalThrowableError  : Call to undefined function Laravel\Horizon\Console\pcntl_async_signals()

  at /var/www/RTC-iOS-App-competition-2018/vendor/laravel/horizon/src/Console/HorizonCommand.php:56
    52|         );
    53| 
    54|         $this->info('Horizon started successfully.');
    55| 
  > 56|         pcntl_async_signals(true);
    57| 
    58|         pcntl_signal(SIGINT, function () use ($master) {
    59|             $this->line('Shutting down...');
    60|

  Exception trace:

  1   Laravel\Horizon\Console\HorizonCommand::handle()
      /var/www/RTC-iOS-App-competition-2018/vendor/laravel/framework/src/Illuminate/Container/BoundMethod.php:29

  2   call_user_func_array([])
      /var/www/RTC-iOS-App-competition-2018/vendor/laravel/framework/src/Illuminate/Container/BoundMethod.php:29

  Please use the argument -v to see more details.
Horizon started successfully.

   Symfony\Component\Debug\Exception\FatalThrowableError  : Call to undefined function Laravel\Horizon\Console\pcntl_async_signals()

  at /var/www/RTC-iOS-App-competition-2018/vendor/laravel/horizon/src/Console/HorizonCommand.php:56
    52|         );
    53| 
    54|         $this->info('Horizon started successfully.');
    55| 
  > 56|         pcntl_async_signals(true);
    57| 
    58|         pcntl_signal(SIGINT, function () use ($master) {
    59|             $this->line('Shutting down...');
    60|

  Exception trace:

  1   Laravel\Horizon\Console\HorizonCommand::handle()
      /var/www/RTC-iOS-App-competition-2018/vendor/laravel/framework/src/Illuminate/Container/BoundMethod.php:29

  2   call_user_func_array([])
      /var/www/RTC-iOS-App-competition-2018/vendor/laravel/framework/src/Illuminate/Container/BoundMethod.php:29

  Please use the argument -v to see more details.

   Symfony\Component\Debug\Exception\FatalThrowableError  : Call to undefined function Laravel\Horizon\Console\pcntl_async_signals()

  at /var/www/RTC-iOS-App-competition-2018/vendor/laravel/horizon/src/Console/HorizonCommand.php:56
    52|         );
    53| 
    54|         $this->info('Horizon started successfully.');
    55| 
  > 56|         pcntl_async_signals(true);
    57| 
    58|         pcntl_signal(SIGINT, function () use ($master) {
    59|             $this->line('Shutting down...');
    60|

  Exception trace:

  1   Laravel\Horizon\Console\HorizonCommand::handle()
      /var/www/RTC-iOS-App-competition-2018/vendor/laravel/framework/src/Illuminate/Container/BoundMethod.php:29

  2   call_user_func_array([])
      /var/www/RTC-iOS-App-competition-2018/vendor/laravel/framework/src/Illuminate/Container/BoundMethod.php:29

  Please use the argument -v to see more details.
Horizon started successfully.
Horizon started successfully.

   Symfony\Component\Debug\Exception\FatalThrowableError  : Call to undefined function Laravel\Horizon\Console\pcntl_async_signals()

  at /var/www/RTC-iOS-App-competition-2018/vendor/laravel/horizon/src/Console/HorizonCommand.php:56
    52|         );
    53| 
    54|         $this->info('Horizon started successfully.');
    55| 
  > 56|         pcntl_async_signals(true);
    57| 
    58|         pcntl_signal(SIGINT, function () use ($master) {
    59|             $this->line('Shutting down...');
    60|

  Exception trace:

  1   Laravel\Horizon\Console\HorizonCommand::handle()
      /var/www/RTC-iOS-App-competition-2018/vendor/laravel/framework/src/Illuminate/Container/BoundMethod.php:29

  2   call_user_func_array([])
      /var/www/RTC-iOS-App-competition-2018/vendor/laravel/framework/src/Illuminate/Container/BoundMethod.php:29

  Please use the argument -v to see more details.
Horizon started successfully.

   Symfony\Component\Debug\Exception\FatalThrowableError  : Call to undefined function Laravel\Horizon\Console\pcntl_async_signals()

  at /var/www/RTC-iOS-App-competition-2018/vendor/laravel/horizon/src/Console/HorizonCommand.php:56
    52|         );
    53| 
    54|         $this->info('Horizon started successfully.');
    55| 
  > 56|         pcntl_async_signals(true);
    57| 
    58|         pcntl_signal(SIGINT, function () use ($master) {
    59|             $this->line('Shutting down...');
    60|

  Exception trace:

  1   Laravel\Horizon\Console\HorizonCommand::handle()
      /var/www/RTC-iOS-App-competition-2018/vendor/laravel/framework/src/Illuminate/Container/BoundMethod.php:29

  2   call_user_func_array([])
      /var/www/RTC-iOS-App-competition-2018/vendor/laravel/framework/src/Illuminate/Container/BoundMethod.php:29

  Please use the argument -v to see more details.

   Symfony\Component\Debug\Exception\FatalThrowableError  : Call to undefined function Laravel\Horizon\Console\pcntl_async_signals()

  at /var/www/RTC-iOS-App-competition-2018/vendor/laravel/horizon/src/Console/HorizonCommand.php:56
Horizon started successfully.Horizon started successfully.


    52|         );
    53| 
    54|         $this->info('Horizon started successfully.');
    55| 
  > 56|         pcntl_async_signals(true);
    57| 
    58|         pcntl_signal(SIGINT, function () use ($master) {
    59|             $this->line('Shutting down...');
    60|

  Exception trace:

  1   Laravel\Horizon\Console\HorizonCommand::handle()
      /var/www/RTC-iOS-App-competition-2018/vendor/laravel/framework/src/Illuminate/Container/BoundMethod.php:29

  2   call_user_func_array([])
      /var/www/RTC-iOS-App-competition-2018/vendor/laravel/framework/src/Illuminate/Container/BoundMethod.php:29

  Please use the argument -v to see more details.
   Symfony\Component\Debug\Exception\FatalThrowableError  : Call to undefined function Laravel\Horizon\Console\pcntl_async_signals()

  at /var/www/RTC-iOS-App-competition-2018/vendor/laravel/horizon/src/Console/HorizonCommand.php:56
    52|         );
    53| 
    54|         $this->info('Horizon started successfully.');
    55| 
  > 56|         pcntl_async_signals(true);
    57| 
    58|         pcntl_signal(SIGINT, function () use ($master) {
    59|             $this->line('Shutting down...');
    60|

  Exception trace:

  1   Laravel\Horizon\Console\HorizonCommand::handle()
      /var/www/RTC-iOS-App-competition-2018/vendor/laravel/framework/src/Illuminate/Container/BoundMethod.php:29


   Symfony\Component\Debug\Exception\FatalThrowableError  : Call to undefined function Laravel\Horizon\Console\pcntl_async_signals()

  at /var/www/RTC-iOS-App-competition-2018/vendor/laravel/horizon/src/Console/HorizonCommand.php:56
    52|         );
    53| 
    54|         $this->info('Horizon started successfully.');
    55| 
  > 56|         pcntl_async_signals(true);
    57| 
    58|         pcntl_signal(SIGINT, function () use ($master) {
    59|             $this->line('Shutting down...');
    60|

  Exception trace:

  1   Laravel\Horizon\Console\HorizonCommand::handle()
      /var/www/RTC-iOS-App-competition-2018/vendor/laravel/framework/src/Illuminate/Container/BoundMethod.php:29

  2   call_user_func_array([])
      /var/www/RTC-iOS-App-competition-2018/vendor/laravel/framework/src/Illuminate/Container/BoundMethod.php:29

  Please use the argument -v to see more details.
  2   call_user_func_array([])
      /var/www/RTC-iOS-App-competition-2018/vendor/laravel/framework/src/Illuminate/Container/BoundMethod.php:29

  Please use the argument -v to see more details.
Horizon started successfully.

   Symfony\Component\Debug\Exception\FatalThrowableError  : Call to undefined function Laravel\Horizon\Console\pcntl_async_signals()

  at /var/www/RTC-iOS-App-competition-2018/vendor/laravel/horizon/src/Console/HorizonCommand.php:56
    52|         );
    53| 
    54|         $this->info('Horizon started successfully.');
    55| 
  > 56|         pcntl_async_signals(true);
    57| 
    58|         pcntl_signal(SIGINT, function () use ($master) {
    59|             $this->line('Shutting down...');
    60|

  Exception trace:

  1   Laravel\Horizon\Console\HorizonCommand::handle()
      /var/www/RTC-iOS-App-competition-2018/vendor/laravel/framework/src/Illuminate/Container/BoundMethod.php:29

  2   call_user_func_array([])
      /var/www/RTC-iOS-App-competition-2018/vendor/laravel/framework/src/Illuminate/Container/BoundMethod.php:29

  Please use the argument -v to see more details.
Horizon started successfully.
Horizon started successfully.

   Symfony\Component\Debug\Exception\FatalThrowableError  : Call to undefined function Laravel\Horizon\Console\pcntl_async_signals()

  at /var/www/RTC-iOS-App-competition-2018/vendor/laravel/horizon/src/Console/HorizonCommand.php:56
    52|         );
    53| 
    54|         $this->info('Horizon started successfully.');
    55| 
  > 56|         pcntl_async_signals(true);
    57| 
    58|         pcntl_signal(SIGINT, function () use ($master) {
    59|             $this->line('Shutting down...');
    60|

  Exception trace:

  1   Laravel\Horizon\Console\HorizonCommand::handle()
      /var/www/RTC-iOS-App-competition-2018/vendor/laravel/framework/src/Illuminate/Container/BoundMethod.php:29

  2   call_user_func_array([])
      /var/www/RTC-iOS-App-competition-2018/vendor/laravel/framework/src/Illuminate/Container/BoundMethod.php:29

  Please use the argument -v to see more details.
Horizon started successfully.

   Symfony\Component\Debug\Exception\FatalThrowableError  : Call to undefined function Laravel\Horizon\Console\pcntl_async_signals()

  at /var/www/RTC-iOS-App-competition-2018/vendor/laravel/horizon/src/Console/HorizonCommand.php:56
Horizon started successfully.    52|         );
    53| 
    54|         $this->info('Horizon started successfully.');
    55| 
  > 56|         pcntl_async_signals(true);
    57| 
    58|         pcntl_signal(SIGINT, function () use ($master) {
    59|             $this->line('Shutting down...');
    60|


   Symfony\Component\Debug\Exception\FatalThrowableError  : Call to undefined function Laravel\Horizon\Console\pcntl_async_signals()

  at /var/www/RTC-iOS-App-competition-2018/vendor/laravel/horizon/src/Console/HorizonCommand.php:56
    52|         );
    53| 
    54|         $this->info('Horizon started successfully.');
    55| 
  > 56|         pcntl_async_signals(true);
    57| 
    58|         pcntl_signal(SIGINT, function () use ($master) {
    59|             $this->line('Shutting down...');
    60|

  Exception trace:

  1   Laravel\Horizon\Console\HorizonCommand::handle()
      /var/www/RTC-iOS-App-competition-2018/vendor/laravel/framework/src/Illuminate/Container/BoundMethod.php:29

  2   call_user_func_array([])
      /var/www/RTC-iOS-App-competition-2018/vendor/laravel/framework/src/Illuminate/Container/BoundMethod.php:29

  Please use the argument -v to see more details.

  Exception trace:

  1   Laravel\Horizon\Console\HorizonCommand::handle()
      /var/www/RTC-iOS-App-competition-2018/vendor/laravel/framework/src/Illuminate/Container/BoundMethod.php:29

  2   call_user_func_array([])
      /var/www/RTC-iOS-App-competition-2018/vendor/laravel/framework/src/Illuminate/Container/BoundMethod.php:29
Horizon started successfully.

  Please use the argument -v to see more details.
Horizon started successfully.
Horizon started successfully.

   Symfony\Component\Debug\Exception\FatalThrowableError  : Call to undefined function Laravel\Horizon\Console\pcntl_async_signals()

   Symfony\Component\Debug\Exception\FatalThrowableError  : Call to undefined function Laravel\Horizon\Console\pcntl_async_signals()

  at /var/www/RTC-iOS-App-competition-2018/vendor/laravel/horizon/src/Console/HorizonCommand.php:56
    52|         );
    53| 
    54|         $this->info('Horizon started successfully.');
    55| 
  > 56|         pcntl_async_signals(true);
    57| 
    58|         pcntl_signal(SIGINT, function () use ($master) {
    59|             $this->line('Shutting down...');
    60|

  Exception trace:


  at /var/www/RTC-iOS-App-competition-2018/vendor/laravel/horizon/src/Console/HorizonCommand.php:56

   Symfony\Component\Debug\Exception\FatalThrowableError  : Call to undefined function Laravel\Horizon\Console\pcntl_async_signals()

  at /var/www/RTC-iOS-App-competition-2018/vendor/laravel/horizon/src/Console/HorizonCommand.php:56
    52|         );
    53| 
    54|         $this->info('Horizon started successfully.');
    55| 
  > 56|         pcntl_async_signals(true);
    57| 
    58|         pcntl_signal(SIGINT, function () use ($master) {
    59|             $this->line('Shutting down...');
    60|

  Exception trace:

  1   Laravel\Horizon\Console\HorizonCommand::handle()
      /var/www/RTC-iOS-App-competition-2018/vendor/laravel/framework/src/Illuminate/Container/BoundMethod.php:29

  2   call_user_func_array([])
      /var/www/RTC-iOS-App-competition-2018/vendor/laravel/framework/src/Illuminate/Container/BoundMethod.php:29

  Please use the argument -v to see more details.
    52|         );
    53| 
    54|         $this->info('Horizon started successfully.');
    55| 
  > 56|         pcntl_async_signals(true);
    57| 
    58|         pcntl_signal(SIGINT, function () use ($master) {
    59|             $this->line('Shutting down...');
    60|
  1   Laravel\Horizon\Console\HorizonCommand::handle()
      /var/www/RTC-iOS-App-competition-2018/vendor/laravel/framework/src/Illuminate/Container/BoundMethod.php:29

  2   call_user_func_array([])
      /var/www/RTC-iOS-App-competition-2018/vendor/laravel/framework/src/Illuminate/Container/BoundMethod.php:29

  Please use the argument -v to see more details.

  Exception trace:

  1   Laravel\Horizon\Console\HorizonCommand::handle()
      /var/www/RTC-iOS-App-competition-2018/vendor/laravel/framework/src/Illuminate/Container/BoundMethod.php:29

  2   call_user_func_array([])
      /var/www/RTC-iOS-App-competition-2018/vendor/laravel/framework/src/Illuminate/Container/BoundMethod.php:29

  Please use the argument -v to see more details.

   Symfony\Component\Debug\Exception\FatalThrowableError  : Call to undefined function Laravel\Horizon\Console\pcntl_async_signals()

  at /var/www/RTC-iOS-App-competition-2018/vendor/laravel/horizon/src/Console/HorizonCommand.php:56
    52|         );
    53| 
    54|         $this->info('Horizon started successfully.');
    55| 
  > 56|         pcntl_async_signals(true);
    57| 
    58|         pcntl_signal(SIGINT, function () use ($master) {
    59|             $this->line('Shutting down...');
    60|

  Exception trace:

  1   Laravel\Horizon\Console\HorizonCommand::handle()
      /var/www/RTC-iOS-App-competition-2018/vendor/laravel/framework/src/Illuminate/Container/BoundMethod.php:29

  2   call_user_func_array([])
      /var/www/RTC-iOS-App-competition-2018/vendor/laravel/framework/src/Illuminate/Container/BoundMethod.php:29

  Please use the argument -v to see more details.
Horizon started successfully.

   Symfony\Component\Debug\Exception\FatalThrowableError  : Call to undefined function Laravel\Horizon\Console\pcntl_async_signals()

  at /var/www/RTC-iOS-App-competition-2018/vendor/laravel/horizon/src/Console/HorizonCommand.php:56
    52|         );
    53| 
    54|         $this->info('Horizon started successfully.');
    55| 
  > 56|         pcntl_async_signals(true);
    57| 
    58|         pcntl_signal(SIGINT, function () use ($master) {
    59|             $this->line('Shutting down...');
    60|

  Exception trace:

  1   Laravel\Horizon\Console\HorizonCommand::handle()
      /var/www/RTC-iOS-App-competition-2018/vendor/laravel/framework/src/Illuminate/Container/BoundMethod.php:29

  2   call_user_func_array([])
      /var/www/RTC-iOS-App-competition-2018/vendor/laravel/framework/src/Illuminate/Container/BoundMethod.php:29

  Please use the argument -v to see more details.
Horizon started successfully.
Horizon started successfully.

   Symfony\Component\Debug\Exception\FatalThrowableError  : Call to undefined function Laravel\Horizon\Console\pcntl_async_signals()

  at /var/www/RTC-iOS-App-competition-2018/vendor/laravel/horizon/src/Console/HorizonCommand.php:56
    52|         );
    53| 
    54|         $this->info('Horizon started successfully.');
    55| 
  > 56|         pcntl_async_signals(true);
    57| 
    58|         pcntl_signal(SIGINT, function () use ($master) {
    59|             $this->line('Shutting down...');
    60|

  Exception trace:

  1   Laravel\Horizon\Console\HorizonCommand::handle()
      /var/www/RTC-iOS-App-competition-2018/vendor/laravel/framework/src/Illuminate/Container/BoundMethod.php:29

  2   call_user_func_array([])
      /var/www/RTC-iOS-App-competition-2018/vendor/laravel/framework/src/Illuminate/Container/BoundMethod.php:29

  Please use the argument -v to see more details.

   Symfony\Component\Debug\Exception\FatalThrowableError  : Call to undefined function Laravel\Horizon\Console\pcntl_async_signals()

  at /var/www/RTC-iOS-App-competition-2018/vendor/laravel/horizon/src/Console/HorizonCommand.php:56
    52|         );
    53| 
    54|         $this->info('Horizon started successfully.');
    55| 
  > 56|         pcntl_async_signals(true);
    57| 
    58|         pcntl_signal(SIGINT, function () use ($master) {
    59|             $this->line('Shutting down...');
    60|

  Exception trace:

  1   Laravel\Horizon\Console\HorizonCommand::handle()
      /var/www/RTC-iOS-App-competition-2018/vendor/laravel/framework/src/Illuminate/Container/BoundMethod.php:29

  2   call_user_func_array([])
      /var/www/RTC-iOS-App-competition-2018/vendor/laravel/framework/src/Illuminate/Container/BoundMethod.php:29Horizon started successfully.


  Please use the argument -v to see more details.Horizon started successfully.

Horizon started successfully.


   Symfony\Component\Debug\Exception\FatalThrowableError  : Call to undefined function Laravel\Horizon\Console\pcntl_async_signals()

   Symfony\Component\Debug\Exception\FatalThrowableError  : Call to undefined function Laravel\Horizon\Console\pcntl_async_signals()

  at /var/www/RTC-iOS-App-competition-2018/vendor/laravel/horizon/src/Console/HorizonCommand.php:56
    52|         );
    53| 
    54|         $this->info('Horizon started successfully.');
    55| 
  > 56|         pcntl_async_signals(true);
    57| 
    58|         pcntl_signal(SIGINT, function () use ($master) {
    59|             $this->line('Shutting down...');
    60|

  Exception trace:

  1   Laravel\Horizon\Console\HorizonCommand::handle()
      /var/www/RTC-iOS-App-competition-2018/vendor/laravel/framework/src/Illuminate/Container/BoundMethod.php:29

  2   call_user_func_array([])
  at /var/www/RTC-iOS-App-competition-2018/vendor/laravel/horizon/src/Console/HorizonCommand.php:56
    52|         );
    53| 
    54|         $this->info('Horizon started successfully.');
    55| 
  > 56|         pcntl_async_signals(true);
    57| 
    58|         pcntl_signal(SIGINT, function () use ($master) {
    59|             $this->line('Shutting down...');
    60|

  Exception trace:

  1   Laravel\Horizon\Console\HorizonCommand::handle()
Horizon started successfully.
      /var/www/RTC-iOS-App-competition-2018/vendor/laravel/framework/src/Illuminate/Container/BoundMethod.php:29

  2   call_user_func_array([])      /var/www/RTC-iOS-App-competition-2018/vendor/laravel/framework/src/Illuminate/Container/BoundMethod.php:29

  Please use the argument -v to see more details.

      /var/www/RTC-iOS-App-competition-2018/vendor/laravel/framework/src/Illuminate/Container/BoundMethod.php:29

  Please use the argument -v to see more details.

   Symfony\Component\Debug\Exception\FatalThrowableError  : Call to undefined function Laravel\Horizon\Console\pcntl_async_signals()

  at /var/www/RTC-iOS-App-competition-2018/vendor/laravel/horizon/src/Console/HorizonCommand.php:56
    52|         );
    53| 
    54|         $this->info('Horizon started successfully.');
    55| 
  > 56|         pcntl_async_signals(true);
    57| 
    58|         pcntl_signal(SIGINT, function () use ($master) {
    59|             $this->line('Shutting down...');
    60|

  Exception trace:

  1   Laravel\Horizon\Console\HorizonCommand::handle()
      /var/www/RTC-iOS-App-competition-2018/vendor/laravel/framework/src/Illuminate/Container/BoundMethod.php:29
   Symfony\Component\Debug\Exception\FatalThrowableError  : Call to undefined function Laravel\Horizon\Console\pcntl_async_signals()

  at /var/www/RTC-iOS-App-competition-2018/vendor/laravel/horizon/src/Console/HorizonCommand.php:56
    52|         );
    53| 
    54|         $this->info('Horizon started successfully.');
    55| 
  > 56|         pcntl_async_signals(true);
    57| 
    58|         pcntl_signal(SIGINT, function () use ($master) {
    59|             $this->line('Shutting down...');
    60|

  Exception trace:

  1   Laravel\Horizon\Console\HorizonCommand::handle()
      /var/www/RTC-iOS-App-competition-2018/vendor/laravel/framework/src/Illuminate/Container/BoundMethod.php:29

  2   call_user_func_array([])
      /var/www/RTC-iOS-App-competition-2018/vendor/laravel/framework/src/Illuminate/Container/BoundMethod.php:29

  Please use the argument -v to see more details.


  2   call_user_func_array([])
      /var/www/RTC-iOS-App-competition-2018/vendor/laravel/framework/src/Illuminate/Container/BoundMethod.php:29

  Please use the argument -v to see more details.
Horizon started successfully.

   Symfony\Component\Debug\Exception\FatalThrowableError  : Call to undefined function Laravel\Horizon\Console\pcntl_async_signals()

  at /var/www/RTC-iOS-App-competition-2018/vendor/laravel/horizon/src/Console/HorizonCommand.php:56
    52|         );
    53| 
    54|         $this->info('Horizon started successfully.');
    55| 
  > 56|         pcntl_async_signals(true);
    57| 
    58|         pcntl_signal(SIGINT, function () use ($master) {
    59|             $this->line('Shutting down...');
    60|

  Exception trace:

  1   Laravel\Horizon\Console\HorizonCommand::handle()
      /var/www/RTC-iOS-App-competition-2018/vendor/laravel/framework/src/Illuminate/Container/BoundMethod.php:29

  2   call_user_func_array([])
      /var/www/RTC-iOS-App-competition-2018/vendor/laravel/framework/src/Illuminate/Container/BoundMethod.php:29

  Please use the argument -v to see more details.
Horizon started successfully.

   Symfony\Component\Debug\Exception\FatalThrowableError  : Call to undefined function Laravel\Horizon\Console\pcntl_async_signals()

  at /var/www/RTC-iOS-App-competition-2018/vendor/laravel/horizon/src/Console/HorizonCommand.php:56
    52|         );
    53| 
    54|         $this->info('Horizon started successfully.');
    55| 
  > 56|         pcntl_async_signals(true);
    57| 
    58|         pcntl_signal(SIGINT, function () use ($master) {
    59|             $this->line('Shutting down...');
    60|

  Exception trace:

  1   Laravel\Horizon\Console\HorizonCommand::handle()
      /var/www/RTC-iOS-App-competition-2018/vendor/laravel/framework/src/Illuminate/Container/BoundMethod.php:29

  2   call_user_func_array([])
      /var/www/RTC-iOS-App-competition-2018/vendor/laravel/framework/src/Illuminate/Container/BoundMethod.php:29

  Please use the argument -v to see more details.
Horizon started successfully.
Horizon started successfully.

   Symfony\Component\Debug\Exception\FatalThrowableError  : Call to undefined function Laravel\Horizon\Console\pcntl_async_signals()

  at /var/www/RTC-iOS-App-competition-2018/vendor/laravel/horizon/src/Console/HorizonCommand.php:56
    52|         );
    53| 
    54|         $this->info('Horizon started successfully.');
    55| 
  > 56|         pcntl_async_signals(true);
    57| 
    58|         pcntl_signal(SIGINT, function () use ($master) {
    59|             $this->line('Shutting down...');
    60|

  Exception trace:

  1   Laravel\Horizon\Console\HorizonCommand::handle()
      /var/www/RTC-iOS-App-competition-2018/vendor/laravel/framework/src/Illuminate/Container/BoundMethod.php:29

  2   call_user_func_array([])
      /var/www/RTC-iOS-App-competition-2018/vendor/laravel/framework/src/Illuminate/Container/BoundMethod.php:29

  Please use the argument -v to see more details.
Horizon started successfully.
Horizon started successfully.
Horizon started successfully.

   Symfony\Component\Debug\Exception\FatalThrowableError  : Call to undefined function Laravel\Horizon\Console\pcntl_async_signals()

Horizon started successfully.  at /var/www/RTC-iOS-App-competition-2018/vendor/laravel/horizon/src/Console/HorizonCommand.php:56
    52|         );
    53| 
    54|         $this->info('Horizon started successfully.');
    55| 
  > 56|         pcntl_async_signals(true);
    57| 
    58|         pcntl_signal(SIGINT, function () use ($master) {
    59|             $this->line('Shutting down...');
    60|

  Exception trace:

  1   Laravel\Horizon\Console\HorizonCommand::handle()
      /var/www/RTC-iOS-App-competition-2018/vendor/laravel/framework/src/Illuminate/Container/BoundMethod.php:29

  2   call_user_func_array([])
      /var/www/RTC-iOS-App-competition-2018/vendor/laravel/framework/src/Illuminate/Container/BoundMethod.php:29

  Please use the argument -v to see more details.


   Symfony\Component\Debug\Exception\FatalThrowableError  : Call to undefined function Laravel\Horizon\Console\pcntl_async_signals()

  at /var/www/RTC-iOS-App-competition-2018/vendor/laravel/horizon/src/Console/HorizonCommand.php:56
    52|         );
    53| 
    54|         $this->info('Horizon started successfully.');
    55| 
  > 56|         pcntl_async_signals(true);
    57| 
    58|         pcntl_signal(SIGINT, function () use ($master) {
    59|             $this->line('Shutting down...');
    60|

  Exception trace:

  1   Laravel\Horizon\Console\HorizonCommand::handle()
      /var/www/RTC-iOS-App-competition-2018/vendor/laravel/framework/src/Illuminate/Container/BoundMethod.php:29

  2   call_user_func_array([])
      /var/www/RTC-iOS-App-competition-2018/vendor/laravel/framework/src/Illuminate/Container/BoundMethod.php:29

  Please use the argument -v to see more details.

   Symfony\Component\Debug\Exception\FatalThrowableError  : Call to undefined function Laravel\Horizon\Console\pcntl_async_signals()

  at /var/www/RTC-iOS-App-competition-2018/vendor/laravel/horizon/src/Console/HorizonCommand.php:56
    52|         );
    53| 
    54|         $this->info('Horizon started successfully.');
    55| 
  > 56|         pcntl_async_signals(true);
    57| 
    58|         pcntl_signal(SIGINT, function () use ($master) {
    59|             $this->line('Shutting down...');
    60|Horizon started successfully.


  Exception trace:

   Symfony\Component\Debug\Exception\FatalThrowableError  : Call to undefined function Laravel\Horizon\Console\pcntl_async_signals()

  at /var/www/RTC-iOS-App-competition-2018/vendor/laravel/horizon/src/Console/HorizonCommand.php:56
    52|         );
    53| 
    54|         $this->info('Horizon started successfully.');
    55| 
  > 56|         pcntl_async_signals(true);
    57| 
    58|         pcntl_signal(SIGINT, function () use ($master) {
    59|             $this->line('Shutting down...');
    60|

  Exception trace:

  1   Laravel\Horizon\Console\HorizonCommand::handle()
      /var/www/RTC-iOS-App-competition-2018/vendor/laravel/framework/src/Illuminate/Container/BoundMethod.php:29

  2   call_user_func_array([])
      /var/www/RTC-iOS-App-competition-2018/vendor/laravel/framework/src/Illuminate/Container/BoundMethod.php:29

  Please use the argument -v to see more details.

  1   Laravel\Horizon\Console\HorizonCommand::handle()
      /var/www/RTC-iOS-App-competition-2018/vendor/laravel/framework/src/Illuminate/Container/BoundMethod.php:29

  2   call_user_func_array([])
      /var/www/RTC-iOS-App-competition-2018/vendor/laravel/framework/src/Illuminate/Container/BoundMethod.php:29

  Please use the argument -v to see more details.

   Symfony\Component\Debug\Exception\FatalThrowableError  : Call to undefined function Laravel\Horizon\Console\pcntl_async_signals()

  at /var/www/RTC-iOS-App-competition-2018/vendor/laravel/horizon/src/Console/HorizonCommand.php:56
    52|         );
    53| 
    54|         $this->info('Horizon started successfully.');
    55| 
  > 56|         pcntl_async_signals(true);
    57| 
    58|         pcntl_signal(SIGINT, function () use ($master) {
    59|             $this->line('Shutting down...');
    60|

  Exception trace:

  1   Laravel\Horizon\Console\HorizonCommand::handle()
      /var/www/RTC-iOS-App-competition-2018/vendor/laravel/framework/src/Illuminate/Container/BoundMethod.php:29

  2   call_user_func_array([])
      /var/www/RTC-iOS-App-competition-2018/vendor/laravel/framework/src/Illuminate/Container/BoundMethod.php:29

  Please use the argument -v to see more details.

   Symfony\Component\Debug\Exception\FatalThrowableError  : Call to undefined function Laravel\Horizon\Console\pcntl_async_signals()

  at /var/www/RTC-iOS-App-competition-2018/vendor/laravel/horizon/src/Console/HorizonCommand.php:56
    52|         );
    53| 
    54|         $this->info('Horizon started successfully.');
    55| 
  > 56|         pcntl_async_signals(true);
    57| 
    58|         pcntl_signal(SIGINT, function () use ($master) {
    59|             $this->line('Shutting down...');
    60|

  Exception trace:

  1   Laravel\Horizon\Console\HorizonCommand::handle()
      /var/www/RTC-iOS-App-competition-2018/vendor/laravel/framework/src/Illuminate/Container/BoundMethod.php:29

  2   call_user_func_array([])
      /var/www/RTC-iOS-App-competition-2018/vendor/laravel/framework/src/Illuminate/Container/BoundMethod.php:29

  Please use the argument -v to see more details.
Horizon started successfully.
Horizon started successfully.
Horizon started successfully.Horizon started successfully.

Horizon started successfully.
Horizon started successfully.
Horizon started successfully.
Horizon started successfully.
